[   0.000000] Iniiaizing cgroup sbss cpuset
[    0.000000] Initilizingcgoup subsys cu[    0.00000] Initializing cgroup subsys cpuacct
[    0.000000] Linux version 4.4.0-137-generic (buildd@lgw01-amd64-037) (gcc version 5.4.0 20160609 (Ubuntu 5.4.0-6ubuntu1~16.04.10) ) #163-Ubuntu SMP Mon Sep 24 13:14:43 UTC 2018 (Ubuntu 4.4.0-137.163-generic 4.4.144)
[    0.000000] Command line: BOOT_IMAGE=/bot/vminz-4.4.0-137-generic root=LABEL=cloudimg-rootf ro consol=tty console=tyS0
[  0000000] KERNE sppoted cpus:
[    0.000000]   Inte GenuineIntel
[   .000000]  AMD AuthenticAMD
[   .000000]   Centaur CentaurHauls
[    0.000000] x86/fpu: xstate_offset[2]:  576, xstate_sizes[2]:  256
[    0.000000] x86/fpu: Supporting XSAVEfeture 0x01: 'x87 floating point regists'
[    0.000000] x86/fpu: Supporting XSAVE feature 0x02: 'SSE registers'
[    0.000000] x86/fpu: Supporting XSAVE feature 0x04: 'AVX registers'
[    0.000000] x86/fpu: Enabled xstate features 0x7, context size is 832 bytes, using 'standard' format.
[    0.000000] e820: BIOS-provided physical RAM map:
[    0.000000] BIOS-e820: [mem 0x0000000000000000-0x000000000009fbff] usable
[    0.000000] BIOS-e820: [mem 0x000000000009fc00-0x000000000009ffff] reserved
[    0.000000] BIOS-e820: [mem 0x00000000000f0000-0x00000000000fffff] reserved
[    0.000000] BIOS-e820: [mem 0x0000000000100000-0x000000003ffeffff] usable
[    0.000000] BIOS-e820: [mem 0x000000003fff00--0x000000003fffffff] ACPI daa
[   0.000000]BIS-e820 [em0x000000fc00000-0x00000000fec0fff]reserved[   0.0000 BIOS-20 [mem 0x00000000fee00000-x0000000fee00fff] reserved
[    0.000000] BIOS-e820: [mem 0x00000000fffc0000-0x0000000ffffff] reserved
[   .000000] NX (Excute Disable) roecion: active
   0000000SMIOS 2.5 prest.
[    0.000000] Hyperviso dteted: KVM[   0.000000] e80:last_pfn  03ff0 max_arch_pfn = 0x40000000
[    0.000000] MTRR: Disabled
[    0.00000] x86/PAT: MTRRs disabled, skipping PAT initialization too.
[    0.000000] CPU MTRRs all blank - virtualized system.
[    0.000000] x86/PAT: Configuration [0-7]: WB  WT  UC- UC  WB  WT  UC- UC  
[    0.000000] found SMP MP-table at [mem 0x0009fff0-0x0009ffff] mappedt [ffff88000009fff]
[    0.00000 Sanning 1 areas for low memory corruption
[    0.000000] RAMDISK: [mem 0x3630e000-0x3717efff]
[    0.000000] ACPI: Early table checksum verification disabled
[    0.000000] ACPI: RSDP 0x00000000000E0000 000024 (v02 VBOX  )
[    0.000000] ACPI: XSDT 0x000000003FFF0030 00003C (v01 VBO   VBXXSDT 00000001 ASL00000061)
[   .00000] ACPI: AC 0000000003FFF00F0 0000F4 (04VBX   VBOXFACP 00000001 ASL  00000061)
[    0.000000] ACPI: DSDT 0x000000003FFF0470 0021FF (v02 VBOX   VBOXBIOS 00000002 INTL 20100528)
[    0.00000] ACPI: FACS 0x000000003FFF0200 000040
[    0.00000] ACPI: FACS 0x00000000FFF0200 0004
    0.000000] ACP: PI 0x000000003FF24 00005C (v2 BOX   VOXAPIC 00000001 ASL  0000001)
[    0.0000] ACPI: SSDT 0x000000003FFF02A0 0001CC(v01 VBOX   VBOXCPUT 000002 INTL 20100528)
[    0.000000] No NUMA configuration found
[    0.000000] Faking a node at [mem 0x0000000000000000-0x000000003ffefff]
[    0.0000] NOD_DTA0) allocated [mem 0x3ffe00-0x3fffff]
[    0.000000] kvm-clock: Using msrs 4b564d01 and 4b564d00
[    0.000000] kvm-clock: cp0, msr 0:3ffe3001, rimary cpu clock
[    0.000000] kvm-clock: using sched offset of 3512869316 cycles
[    0.00000 clocksource: kvm-clock: mask: 0xffffffffffffffff max_cycles: 0x1cd42e4dffb, max_idle_ns: 881590591483 ns
[    0.000000] Zone ranges:
[    0.000000]   DMA      [mem 0x0000000000001000-0x0000000000ffffff]
[    0.000000]   DMA32    [mem 0x0000000001000000-0x000000003ffeffff]
[   0000000]   Normal   empy
[   .000000]   Device   empty
[    0.000000] Movable zone start for each node
[    0.000000] Early memory node ranges
[    0.000000]   node   0: [mem 0x0000000000001000-0x000000000009efff]
[    0.000000]   node   0: [mem 0x00000000001000-0x000000003ffeffff]
[   .000000] Inme setupnoe  [mem 0x0000000001000-x000000003ffefff]
[  0.000000] ACPI: PM-Timer IO Prt 04008
[   0000000] IOAPIC[0: apic_id 2, version32 adress 0xfc000, GSI 23
[    0.00000] AI: INT_SRC_OVR (bus 0 bus_irq 0 global_irq 2 dfl dfl)
[    0.000000] ACPI: INT_SRC_OVR (bus 0 bus_irq 9 global_irq 9 low level)
[    0.000000] Using ACPI (MADT) for SMP configuration information
[    0.0000] smpboot Allowing 2 CUs 0 hotplug PUs
[    0.0000] PM: Regitered nosave memory: [mem 0x00000000-0x00000fff]
[    0.000000] PM: Registered nosave memory: [mem 0x0009f000-0x0009ffff]
    0.000000] PM: Regiered nosave memory: [mem 0x00a0000-0x000effff]
[    0.000000] PM: Registered nosave memory: [mem 0x000f00-0x00fffff][    0.00000] e820: [mem 0x40000000-0xfebfffff] available for PCI devices
[    0.000000] Booting paravirtualizd ernel on KVM
[    0.000000] clocksource: refined-jiffies: mask: 0xfffffff mx_ycles: 0xfffff, max_ilens 7645519600211568 ns
[   .00000] setup_percpu: NR_CPUS:512 nr_cpma_bits:512 _cu_ids:2 nr_node_ids:1
[    0.000000] PERCPU: Embedded 34 pages/cpu @ffff88003fc00000 s960 r192 d31464 u1048576
[    0.0000] PV qspinlock hash table entries: 256 (order: 0, 4096 bytes)
[    0.000000] uit 1 zonelists in Node order, mobility grouping on  otl pages: 25791
   0.000000] Polcyzoe: DMA32
[    0.000000] Kernelommand line: BOOT_IMAGE=/boot/vmlinuz-4.4.0-37-generic root=LBE=coudimg-rtfs o console=tty1 console=ttyS0
[    0.000000] PID hash tabe entries: 4096 (order: 3, 32768 bytes)
[    0.000000] Memory: 997716K/1048120K available (8555K kernel code, 1314K rwdata 404K rodaa, 1528K init, 1316K bss, 50404K reserved, 0K a-reseve)
[    0.000000] SLUB: HWalign=64, Order=0-3, MinObjects=0, CPUs=2, Nodes=1
[    0.000000] Kernel/User page tables isolation: enabled
[    0.000000] Hierachical RCU implementation.
[    0.000000] 	Build-time adjustment o lea fnoout to 64.
[   .000000]	RU estricting CP fom NR_CPUS=12tonr_cpu_id=2
[    0.00000 RU: Adjusting geometry for rc_fnot_leaf=, r_cpu_ids=2
[    0.000000] NR_IRQS:33024 nr_irqs:440 16
[   0.000000] Console: colour GA 80x25
[   0.00000] console [tty1 enale
[    0.000000] cnsle[ttyS0] enabled
[    0.000000] tsc: Detected 1599.999 MHz processor
[    6.439499] Calibrating delay loop (skipped) preset value.. 3199.99 BogoMIPS (lpj=6399996)
[    6.442001] pid_max: default: 32768 minimum: 301
[    6.443421] ACPI: Core revision 20150930
[   6.445698] ACPI:  ACPI AML tables successfully acquired and loaded
[    6.483648] Security Framework initialized
[    6.485164] Yama: becoming mindful.
[    6.486538] AppArmor: AppArmor initialized
[    6.488355] Dentry cache hash table entries: 131072 (order: 8, 1048576 bytes)
[    6.491979] Inode-cache hash table entries: 65536 (order: 7, 524288 bytes)
[    6.493502] Mount-cache hash table entries: 2048 (order: 2, 16384 bytes)
[    6.515441] Mountpoint-cache hash table entries: 2048 (order: 2, 16384 bytes)
[    6.518246] Initializing cgroup subsys io
[    6.536725] Initializing cgroup subsys memory
[    6.540281] Initializing cgroup subsys devices
[    6.541694] Initializing cgroup subsys freezer
[    6.542954] Initializing cgroup subsys net_cls
[    6.544261] Initializing cgroup subsys perf_event
[    6.547582] Initializing cgroup subsys net_prio
[    6.548925] Initializing cgroup subsys hugetlb
[    6.550197] Initializing cgroup subsys pids
[    6.552535] mce: CPU supports 0 MCE banks
[    6.553721] Last level iTLB entries: 4KB 64, 2MB 8, 4MB 8
[    6.555253] Last level dTLB entries: 4KB 64, 2MB 0, 4MB 0, 1GB 4
[    6.556976] Spectre V2 : Mitigation: Full generic retpoline
[    6.558555] Spectre V2 : Spectre v2 mitigation: Speculation control IBPB not-supported IBRS not-supported
[    6.561007] Spectre V2 : Spectre v2 / SpectreRSB mitigation: Filling RSB on context switch
[    6.568495] Speculative Store Bypass: Vulnerable
[    6.581500] Freeing SMP alternatives memory: 32K
[    6.611639] ftrace: allocating 32265 entries in 127 pages
[    6.689830] smpboot: APIC(0) Converting physical 0 to logical package 0
[    6.693415] smpboot: Max logical packages: 1
[    6.694982] x2apic enabled
[    6.703578] Switched APIC routing to physical x2apic.
[    6.706872] ..TIMER: vector=0x30 apic1=0 pin1=2 apic2=-1 pin2=-1
[    6.858719] smpboot: CPU0: Intel(R) Core(TM) i5-5250U CPU @ 1.60GHz (family: 0x6, model: 0x3d, stepping: 0x4)
[    6.939175] Performance Events: unsupported p6 CPU model 61 no PMU driver, software events only.
[    6.979791] KVM setup paravirtual spinlock
[    6.992295] x86: Booting SMP configuration:
[    7.007417] .... node  #0, CPUs:      #1
[    7.008714] kvm-clock: cpu 1, msr 0:3ffe3041, secondary cpu clock
[    7.011151] mce: CPU supports 0 MCE banks
[    7.013990] x86: Booted up 1 node, 2 CPUs
[    7.046025] smpboot: Total of 2 processors activated (6399.99 BogoMIPS)
[    7.079426] devtmpfs: initialized
[    7.097131] evm: security.selinux
[    7.110792] evm: security.SMACK64
[    7.135794] evm: security.SMACK64EXEC
[    7.154391] evm: security.SMACK64TRANSMUTE
[    7.179040] evm: security.SMACK64MMAP
[    7.198140] evm: security.ima
[    7.217785] evm: security.capability
[    7.242678] clocksource: jiffies: mask: 0xffffffff max_cycles: 0xffffffff, max_idle_ns: 7645041785100000 ns
[    7.297575] futex hash table entries: 512 (order: 3, 32768 bytes)
[    7.335627] pinctrl core: initialized pinctrl subsystem
[    7.362138] RTC time: 16:40:44, date: 10/15/18
[    7.385803] NET: Registered protocol family 16
[    7.405956] cpuidle: using governor ladder
[    7.425269] cpuidle: using governor menu
[    7.441610] PCCT header not found.
[    7.457284] ACPI: bus type PCI registered
[    7.459091] acpiphp: ACPI Hot Plug PCI Controller Driver version: 0.5
[    7.461426] PCI: Using configuration type 1 for base access
[    7.511126] ACPI: Added _OSI(Module Device)
[    7.532743] ACPI: Added _OSI(Processor Device)
[    7.547475] ACPI: Added _OSI(3.0 _SCP Extensions)
[    7.565136] ACPI: Added _OSI(Processor Aggregator Device)
[    7.597956] ACPI: Executed 1 blocks of module-level executable AML code
[    7.627336] ACPI: Interpreter enabled
[    7.629618] ACPI: (supports S0 S5)
[    7.638376] ACPI: Using IOAPIC for interrupt routing
[    7.656192] PCI: Using host bridge windows from ACPI; if necessary, use "pci=nocrs" and report a bug
[    7.669088] ACPI: PCI Root Bridge [PCI0] (domain 0000 [bus 00-ff])
[    7.670792] acpi PNP0A03:00: _OSC: OS supports [ASPM ClockPM Segments MSI]
[    7.678513] acpi PNP0A03:00: _OSC: not requesting OS control; OS requires [ExtendedConfig ASPM ClockPM MSI]
[    7.702747] acpi PNP0A03:00: fail to add MMCONFIG information, can't access extended PCI configuration space under this bridge.
[    7.726142] PCI host bridge to bus 0000:00
[    7.742354] pci_bus 0000:00: root bus resource [io  0x0000-0x0cf7 window]
[    7.781619] pci_bus 0000:00: root bus resource [io  0x0d00-0xffff window]
[    7.804552] pci_bus 0000:00: root bus resource [mem 0x000a0000-0x000bffff window]
[    7.814261] pci_bus 0000:00: root bus resource [mem 0x40000000-0xfdffffff window]
[    7.831882] pci_bus 0000:00: root bus resource [bus 00-ff]
[    7.859522] pci 0000:00:01.1: legacy IDE quirk: reg 0x10: [io  0x01f0-0x01f7]
[    7.869458] pci 0000:00:01.1: legacy IDE quirk: reg 0x14: [io  0x03f6]
[    7.871481] pci 0000:00:01.1: legacy IDE quirk: reg 0x18: [io  0x0170-0x0177]
[    7.873428] pci 0000:00:01.1: legacy IDE quirk: reg 0x1c: [io  0x0376]
[    7.907684] pci 0000:00:07.0: quirk: [io  0x4000-0x403f] claimed by PIIX4 ACPI
[    7.952229] pci 0000:00:07.0: quirk: [io  0x4100-0x410f] claimed by PIIX4 SMB
[    7.985343] ACPI: PCI Interrupt Link [LNKA] (IRQs 5 9 10 *11)
[    8.012130] ACPI: PCI Interrupt Link [LNKB] (IRQs 5 9 *10 11)
[    8.055748] ACPI: PCI Interrupt Link [LNKC] (IRQs 5 *9 10 11)
[    8.091448] ACPI: PCI Interrupt Link [LNKD] (IRQs 5 9 10 *11)
[    8.128968] ACPI: Enabled 2 GPEs in block 00 to 07
[    8.141173] vgaarb: setting as boot device: PCI:0000:00:02.0
[    8.148007] vgaarb: device added: PCI:0000:00:02.0,decodes=io+mem,owns=io+mem,locks=none
[    8.163207] vgaarb: loaded
[    8.167577] vgaarb: bridge control possible 0000:00:02.0
[    8.169207] SCSI subsystem initialized
[    8.176993] ACPI: bus type USB registered
[    8.186738] usbcore: registered new interface driver usbfs
[    8.210860] usbcore: registered new interface driver hub
[    8.224078] usbcore: registered new device driver usb
[    8.246025] PCI: Using ACPI for IRQ routing
[    8.267270] NetLabel: Initializing
[    8.278946] NetLabel:  domain hash size = 128
[    8.296831] NetLabel:  protocols = UNLABELED CIPSOv4
[    8.327841] NetLabel:  unlabeled traffic allowed by default
[    8.356040] amd_nb: Cannot enumerate AMD northbridges
[    8.374562] clocksource: Switched to clocksource kvm-clock
[    8.42081] AppArmor: AppArmor ilsyste Enabd[   .6020] pnp: nP ACPI init
[    8.789907] pnp: PnP ACPI: found 3 devices
[    8.804636] clocksource: acpi_pm: mask: xffffff max_cycles: 0xffffff, max_idle_ns: 2085701024 ns
[    8.858763] NET: Registered potco fmily 2

[    8.972872] TCP established hash table entries: 8192 (order: 4, 65536 bytes)
[    8.974902] TCP bind hash table entries: 8192 (order: 5, 131072 bytes)
[    8.976813] TCP: Hash tables configured (established 8192 bind 8192)
[    8.978496] UDP hash table entries: 512 (order: 2, 16384 bytes)
[    8.980005] UDP-Lite hash table entries: 512 (order: 2, 16384 bytes)
[    8.981698] NET: Registered protocol family 1
[    8.982944] pci 0000:00:00.0: Limiting direct PCI/PCI transfers
[    8.984782] pci 0000:00:01.0: Activating ISA DMA hang workarounds
[   8.987069] Unpacking initramfs...

[   92824] rein initrd memory: 14788K
[    9.482] AP PU etctd,AP uitis2^32Joules, 4fixed counters 10737418240 ms ovfl timer
[    9.924349 hw unit of domain pp0-core 2^-0 Joules

[    9.968566] hw unit of domain package 2^-0 Joules
[    9.987623] hw unit of domain dram 2^-0 Joules
[    9.991671] hw unit of domain pp1-gpu 2^-0 Joules
[    9.993739] lafom tc_cmos: registered platform RTC device (no PNP device found)
[   10.104682] Scanning for low memory corruption every 60 seconds

[   10.107062] audit: initializing netlink subsys (disabled)
[   10.108627] audit: type=2000 audit(1539621644.775:1): initialized
[   10.119909] Initialise system trusted keyring
[   10.143910] HugeTLB registered 2 MB page size, pre-allocated 0 pages
[   10.156789] zbud: loaded
[   10.173365] VFS: Disk quotas dquot_6.6.0
[   10.191383] VFS: Dquot-cache hash table entries: 512 (order 0, 4096 bytes)
[   10.227701] squashfs: version 4.0 (2009/01/31) Phillip Lougher
[   10.28855] fuse it (API vrsion 7.23)

[  1.3246] Key type big_eyreiserd[  1.6550] Allocatin IA OK and blacklist keins.

[   10.944491] Key type asymmetric registered
[   10.945476] Asymmetric key parser 'x509' registered
[   10.946599] Block layer SCSI generic (bsg) driver version 0.4 loaded (major 249)
[   10.948422] io scheduler noop registered
[   10.949342] io scheduler deadline registered (default)
[   10.950482] io scheduler cfq registered
[   10.951549] pci_hotplug: PCI Hot Plug PCI Core version: 0.5
[   10.952733] pciehp: PCI Express Hot Plug Controller Driver version: 0.4
[   10.954426] ACPI: AC Adapter [AC] (on-line)
[   10.955722] input: Power Button as /devices/LNXSYSTM:00/LNXPWRBN:00/input/input0
[   10.977491] ACPI: Power Button [PWRF]
[   10.983571] input: Sleep Button as /devices/LNXSYSTM:00/LNXSLPBN:00/input/input1
[   11.000265] tsc: Refined TSC clocksource calibration: 1600.408 MHz
[   11.002068] clocksource: tsc: mask: 0xffffffffffffffff max_cycles: 0x1711a65ed91, max_idle_ns: 440795250648 ns
[   11.006733] ACPI: Sleep Button [SLPF]
[   11.010734] GHES HESTisno eabed!

[   11.012508] ACPI: Battery Slot [BAT0] (battery present)
[   11.012594] Serial: 8250/16550 driver, 32 ports, IRQ sharing enabled
[   11.039608] 00:02: ttyS0 at I/O 0x3f8 (irq = 4, base_baud = 115200) is a 16550A
[   11.222456] Linux agpgart interface v0.103
[   11.226083] loop: module loaded
[   11.227052] scsi host0: ata_piix
[   11.227117] scsi host1: ata_piix
[   11.227151] ata1: PATA max UDMA/33 cmd 0x1f0 ctl 0x3f6 bmdma 0xd000 irq 14
[   11.227152] ata2: PATA max UDMA/33 cmd 0x170 ctl 0x376 bmdma 0xd008 irq 15
[   11.227237] libphy: Fixed MDIO Bus: probed
[   11.227239] tun: Universal TUN/TAP device driver, 1.6
[   11.227240] tun: (C) 1999-2004 Max Krasnyansky <maxk@qualcomm.com>
[   11.227590] PPP generic driver version 2.4.2
[   11.227650] ehci_hcd: USB 2.0 'Enhanced' Host Controller (EHCI) Driver
[   11.227654] ehci-pci: EHCI PCI platform driver
[   11.227671] ehci-platform: EHCI generic platform driver
[   11.227680] ohci_hcd: USB 1.1 'Open' Host Controller (OHCI) Driver
[   11.227683] ohci-pci: OHCI PCI platform driver
[   11.227692] ohci-platform: OHCI generic platform driver
[   11.227699] uhci_hcd: USB Universal Host Controller Interface driver
[   11.227757] i8042: PNP: PS/2 Controller [PNP0303:PS2K,PNP0f03:PS2M] at 0x60,0x64 irq 1,12
[   11.229250] serio: i8042 KBD port at 0x60,0x64 irq 1
[   11.229255] serio: i8042 AUX port at 0x60,0x64 irq 12
[   11.229376] mousedev: PS/2 mouse device common for all mice
[   11.229714] rtc_cmos rtc_cmos: rtc core: registered rtc_cmos as rtc0
[   11.229797] rtc_cmos rtc_cmos: alarms up to one day, 114 bytes nvram
[   11.229808] i2c /dev entries driver
[   11.229888] device-mapper: uevent: version 1.0.3
[   11.229949] device-mapper: ioctl: 4.34.0-ioctl (2015-10-28) initialised: dm-devel@redhat.com
[   11.229971] ledtrig-cpu: registered to indicate activity on CPUs
[   11.230272] NET: Registered protocol family 10
[   11.230490] NET: Registered protocol family 17
[   11.230503] Key type dns_resolver registered
[   11.230900] registered taskstats version 1
[   11.230916] Loading compiled-in X.509 certificates
[   11.231708] Loaded X.509 cert 'Build time autogenerated kernel key: 20acc96b50ca7641011eace69d32209215a9b56f'
[   11.231730] zswap: loaded using pool lzo/zbud
[   11.234191] Key type trusted registered
[   11.238666] Key type encrypted registered
[   11.238675] AppArmor: AppArmor sha1 policy hashing enabled
[   11.238677] ima: No TPM chip found, activating TPM-bypass!
[   11.238682] ima: Allocated hash algorithm: sha1
[   11.238696] evm: HMAC attrs: 0x1
[   11.238970]   Magic number: 6:980:691
[   11.239702] rtc_cmos rtc_cmos: setting system clock to 2018-10-15 16:40:48 UTC (1539621648)
[   11.239804] BIOS EDD facility v0.16 2004-Jun-25, 0 devices found
[   11.239804] EDD information not available.
[   11.239928] input: AT Translated Set 2 keyboard as /devices/platform/i8042/serio0/input/input2
[   11.929159] Freeing unused kernel memory: 1528K
[   12.007292] Write protecting the kernel read-only data: 14336k
[   12.044494] Freeing unused kernel memory: 1672K
[   12.060333] Freeing unused kernel memory: 92K
Loading, please wait...
starting version 229
[   12.119168] random: systemd-udevd: uninitialized urandom read (16 bytes read, 5 bits of entropy available)
[   12.120278] random: udevadm: uninitialized urandom read (16 bytes read, 5 bits of entropy available)
[   12.120309] random: udevadm: uninitialized urandom read (16 bytes read, 5 bits of entropy available)
[   12.132760] random: udevadm: uninitialized urandom read (16 bytes read, 5 bits of entropy available)
[   12.132809] random: udevadm: uninitialized urandom read (16 bytes read, 5 bits of entropy available)
[   12.132952] random: udevadm: uninitialized urandom read (16 bytes read, 5 bits of entropy available)
[   12.133003] random: udevadm: uninitialized urandom read (16 bytes read, 5 bits of entropy available)
[   12.133053] random: udevadm: uninitialized urandom read (16 bytes read, 5 bits of entropy available)
[   12.133104] random: udevadm: uninitialized urandom read (16 bytes read, 5 bits of entropy available)
[   12.133155] random: udevadm: uninitialized urandom read (16 bytes read, 5 bits of entropy available)
[   12.349923] e1000: Intel(R) PRO/1000 Network Driver - version 7.3.21-k8-NAPI
[   12.351919] e1000: Copyright (c) 1999-2006 Intel Corporation.
[   12.364201] Fusion MPT base driver 3.04.20
[   12.368145] Copyright (c) 1999-2008 LSI Corporation
[   12.397485] Fusion MPT SPI Host driver 3.04.20
[   12.446816] AVX2 version of gcm_enc/dec engaged.
[   12.448349] AES CTR mode by8 optimization enabled
[   12.579495] input: ImExPS/2 Generic Explorer Mouse as /devices/platform/i8042/serio1/input/input4
[   12.799959] e1000 0000:00:03.0 eth0: (PCI:33MHz:32-bit) 02:28:89:27:00:51
[   12.811765] e1000 0000:00:03.0 eth0: Intel(R) PRO/1000 Network Connection
[   12.841479] e1000 0000:00:03.0 enp0s3: renamed from eth0
[   12.857171] mptbase: ioc0: Initiating bringup
[   12.975320] ioc0: LSI53C1030 A0: Capabilities={Initiator}
[   13.198511] scsi host2: ioc0: LSI53C1030 A0, FwRev=00000000h, Ports=1, MaxQ=256, IRQ=20
[   13.351379] scsi 2:0:0:0: Direct-Access     VBOX     HARDDISK         1.0  PQ: 0 ANSI: 5
[   13.364053] scsi target2:0:0: Beginning Domain Validation
[   13.378413] scsi target2:0:0: Domain Validation skipping write tests
[   13.379989] scsi target2:0:0: Ending Domain Validation
[   13.393969] scsi target2:0:0: asynchronous
[   13.431588] scsi 2:0:1:0: Direct-Access     VBOX     HARDDISK         1.0  PQ: 0 ANSI: 5
[   13.473918] scsi target2:0:1: Beginning Domain Validation
[   13.511135] scsi target2:0:1: Domain Validation skipping write tests
[   13.512477] scsi target2:0:1: Ending Domain Validation
[   13.513845] scsi target2:0:1: asynchronous
[   13.539408] sd 2:0:0:0: Attached scsi generic sg0 type 0
[   13.540742] sd 2:0:0:0: [sda] 20971520 512-byte logical blocks: (10.7 GB/10.0 GiB)
[   13.542749] sd 2:0:0:0: [sda] Write Protect is off
[   13.544046] sd 2:0:1:0: Attached scsi generic sg1 type 0
[   13.545240] sd 2:0:1:0: [sdb] 20480 512-byte logical blocks: (10.5 MB/10.0 MiB)
[   13.545261] sd 2:0:0:0: [sda] Incomplete mode parameter data
[   13.545263] sd 2:0:0:0: [sda] Assuming drive cache: write through
[   13.554122]  sda: sda1
[   13.555182] sd 2:0:0:0: [sda] Attached SCSI disk
[   13.614959] sd 2:0:1:0: [sdb] Write Protect is off
[   13.657661] sd 2:0:1:0: [sdb] Incomplete mode parameter data
[   13.697756] sd 2:0:1:0: [sdb] Assuming drive cache: write through
[   13.742675] sd 2:0:1:0: [sdb] Attached SCSI disk
Begin: Loading essential drivers[   15.186603] md: linear personality registered for level -1
 ... [   15.222657] md: multipath personality registered for level -4
[   15.266123] md: raid0 personality registered for level 0
[   15.281315] md: raid1 personality registered for level 1
[   15.374827] raid6: sse2x1   gen()  7766 MB/s
[   15.443099] raid6: sse2x1   xor()  5509 MB/s
[   15.530623] raid6: sse2x2   gen()  5928 MB/s
[   15.598781] raid6: sse2x2   xor()  5086 MB/s
[   15.670741] raid6: sse2x4   gen() 11489 MB/s
[   15.738587] raid6: sse2x4   xor()  7092 MB/s
[   15.838817] raid6: avx2x1   gen() 13820 MB/s
[   15.910848] raid6: avx2x2   gen() 15828 MB/s
[   15.986589] raid6: avx2x4   gen() 18599 MB/s
[   15.991999] raid6: using algorithm avx2x4 gen() 18599 MB/s
[   15.993365] raid6: using avx2x2 recovery algorithm
[   16.005556] xor: automatically using best checksumming function:
[   16.070570]    avx       : 24459.000 MB/sec
[   16.084930] async_tx: api initialized (async)
[   16.101184] md: raid6 personality registered for level 6
[   16.116025] md: raid5 personality registered for level 5
[   16.163709] md: raid4 personality registered for level 4
[   16.178117] md: raid10 personality registered for level 10
done.
Begin: Running /scripts/init-premount ... done.
Begin: Mounting root file system ... Begin: Running /scripts/local-top ... do[   16.220356] Btrfs loaded
ne.
Begin: Running /scripts/local-premount ... Scanning for Btrfs filesystems
done.
Warning: fsck not present, so skipping root file system
[   16.319236] EXT4-fs (sda1): mounted filesystem with ordered data mode. Opts: (null)
done.
Begin: Running /scripts/local-bottom ... done.
Begin: Running /scripts/init-bottom ... done.
[   16.550675] systemd[1]: systemd 229 running in system mode. (+PAM +AUDIT +SELINUX +IMA +APPARMOR +SMACK +SYSVINIT +UTMP +LIBCRYPTSETUP +GCRYPT +GNUTLS +ACL +XZ -LZ4 +SECCOMP +BLKID +ELFUTILS +KMOD -IDN)
[   16.620909] systemd[1]: Detected virtualization oracle.
[   16.626703] systemd[1]: Detected architecture x86-64.

Welcome to [1mUbuntu 16.04.5 LTS[0m!

[   16.639071] systemd[1]: Set hostname to <ubuntu>.
[   16.648535] systemd[1]: Initializing machine ID from random generator.
[   16.654967] systemd[1]: Installed transient /etc/machine-id file.
[   17.122181] systemd[1]: Listening on Journal Socket (/dev/log).
[[0;32m  OK  [0m] Listening on Journal Socket (/dev/log).
[   17.156234] systemd[1]: Started Trigger resolvconf update for networkd DNS.
[[0;32m  OK  [0m] Started Trigger resolvconf update for networkd DNS.
[   17.195345] systemd[1]: Listening on Journal Audit Socket.
[[0;32m  OK  [0m] Listening on Journal Audit Socket.
[   17.222289] systemd[1]: Listening on udev Control Socket.
[[0;32m  OK  [0m] Listening on udev Control Socket.
[   17.259707] systemd[1]: Reached target Swap.
[[0;32m  OK  [0m] Reached target Swap.
[   17.327427] systemd[1]: Created slice User and Session Slice.
[[0;32m  OK  [0m] Created slice User and Session Slice.
[   17.367662] systemd[1]: Created slice System Slice.
[[0;32m  OK  [0m] Created slice System Slice.
[   17.439991] systemd[1]: Reached target Slices.
[[0;32m  OK  [0m] Reached target Slices.
[   17.495487] systemd[1]: Listening on LVM2 poll daemon socket.
[[0;32m  OK  [0m] Listening on LVM2 poll daemon socket.
[   17.551494] systemd[1]: Listening on Device-mapper event daemon FIFOs.
[[0;32m  OK  [0m] Listening on Device-mapper event daemon FIFOs.
[   17.641788] systemd[1]: Started Forward Password Requests to Wall Directory Watch.
[[0;32m  OK  [0m] Started Forward Password Requests to Wall Directory Watch.
[   17.695036] systemd[1]: Created slice system-serial\x2dgetty.slice.
[[0;32m  OK  [0m] Created slice system-serial\x2dgetty.slice.
[   17.698396] systemd[1]: Reached target System Time Synchronized.
[[0;32m  OK  [0m] Reached target System Time Synchronized.
[   17.738967] systemd[1]: Listening on Syslog Socket.
[[0;32m  OK  [0m] Listening on Syslog Socket.
[   17.755088] systemd[1]: Reached target User and Group Name Lookups.
[[0;32m  OK  [0m] Reached target User and Group Name Lookups.
[   17.777023] systemd[1]: Set up automount Arbitrary Executable File Formats File System Automount Point.
[[0;32m  OK  [0m] Set up automount Arbitrary Executab...ats File System Automount Point.
[   17.802059] systemd[1]: Listening on udev Kernel Socket.
[[0;32m  OK  [0m] Listening on udev Kernel Socket.
[   17.835727] systemd[1]: Listening on LVM2 metadata daemon socket.
[[0;32m  OK  [0m] Listening on LVM2 metadata daemon socket.
[   17.900055] systemd[1]: Listening on Journal Socket.
[[0;32m  OK  [0m] Listening on Journal Socket.
[   17.931334] systemd[1]: Starting Nameserver information manager...
         Starting Nameserver information manager...
[   17.936681] systemd[1]: Starting Journal Service...
         Starting Journal Service...
[   17.943651] systemd[1]: Mounting POSIX Message Queue File System...
         Mounting POSIX Message Queue File System...
[   17.979240] systemd[1]: Starting Set console keymap...
         Starting Set console keymap...
[   17.993446] systemd[1]: Starting Uncomplicated firewall...
         Starting Uncomplicated firewall...
[   18.031592] systemd[1]: Starting Load Kernel Modules...
         Starting Load Kernel Modules...
[   18.046331] systemd[1]: Mounting Huge Pages File System...
         Mountin[   18.050995] random: nonblocking pool is initialized
g Huge Pages File System...
[   18.096570] Loading iSCSI transport class v2.0-870.
[   18.120896] systemd[1]: Starting Remount Root and Kernel File Systems...
         Startin[   18.126679] EXT4-fs (sda1): re-mounted. Opts: (null)
g Remount Root and Kernel File Systems...
[   18.129645] iscsi: registered transport (tcp)
[   18.130385] systemd[1]: Starting Monitoring of LVM2 mirrors, snapshots etc. using dmeventd or progress polling...
         Starting Monitoring of LVM2 mirrors... dmeventd or progress polling...
[   18.176041] systemd[1]: Starting Create list of required static device nodes for the current kernel...
         Starting Create list of required st... nodes for the current kernel...
[   18.208473] systemd[1]: Mounting Debug File System...
         Mounting Debug File System...
[   18.227402] systemd[1]: Reached target Encrypted Volumes.
[[0;32m  OK  [0m] Reached target Encrypted Volumes.
[   18.246444] systemd[1]: Listening on /dev/initctl Compatibility Named Pipe.
[[0;32m  OK  [0m] Listening on [   18.272929] iscsi: registered transport (iser)
/dev/initctl Compatibility Named Pipe.
[   18.337020] systemd[1]: Mounted Debug File System.
[[0;32m  OK  [0m] Mounted Debug File System.
[   18.351233] systemd[1]: Mounted POSIX Message Queue File System.
[[0;32m  OK  [0m] Mounted POSIX Message Queue File System.
[   18.443725] systemd[1]: Mounted Huge Pages File System.
[[0;32m  OK  [0m] Mounted Huge Pages File System.
[   18.532096] systemd[1]: Started Journal Service.
[[0;32m  OK  [0m] Started Journal Service.
[[0;32m  OK  [0m] Started Set console keymap.
[[0;32m  OK  [0m] Started Uncomplicated firewall.
[[0;32m  OK  [0m] Started Load Kernel Modules.
[[0;32m  OK  [0m] Started Remount Root and Kernel File Systems.
[[0;32m  OK  [0m] Started Create list of required sta...ce nodes for the current kernel.
[[0;32m  OK  [0m] Started Nameserver information manager.
[[0;32m  OK  [0m] Started LVM2 metadata daemon.
         Starting Create Static Device Nodes in /dev...
         Starting Load/Save Random Seed...
         Starting udev Coldplug all Devices...
         Starting Apply Kernel Variables...
         Mounting FUSE Control File System...
         Starting Flush Journal to Persistent Storage...
[[0;32m  OK  [0m] Mounted FUSE Control File System.
[[0;32m  OK  [0m] Started Create Static Device Nodes in /dev.
[[0;32m  OK  [0m] Started Load/Save Random Seed.
[[0;32m  OK  [0m] Started Apply Kernel Variables.
[[0;32m  OK  [0m] Started udev Coldplug all Devices.
[[0;32m  OK  [0m] Started Flush Journal to Persistent Storage.
         Starting udev Kernel Device Manager...
[[0;32m  OK  [0m] Started Monitoring of LVM2 mirrors,...ng dmeventd or progress polling.
[[0;32m  OK  [0m] Started udev Kernel Device Manager.
[[0;32m  OK  [0m] Reached target Local File Systems (Pre).
[[0;32m  OK  [0m] Reached target Local File Systems.
         Starting Tell Plymouth To Write Out Runtime Data...
         Starting Initial cloud-init job (pre-networking)...
         Starting Set console font and keymap...
         Starting Create Volatile Files and Directories...
         Starting LSB: AppArmor initialization...
         Starting Commit a transient machine-id on disk...
[[0;32m  OK  [0m] Started Dispatch Password Requests to Console Directory Watch.
[[0;32m  OK  [0m] Started Tell Plymouth To Write Out Runtime Data.
[[0;32m  OK  [0m] Started Create Volatile Files and Directories.
[[0;32m  OK  [0m] Started Commit a transient machine-id on disk.
         Starting Update UTMP about System Boot/Shutdown...
[[0;32m  OK  [0m] Started Update UTMP about System Boot/Shutdown.
[[0;32m  OK  [0m] Found device /dev/ttyS0.
[[0;32m  OK  [0m] Listening on Load/Save RF Kill Switch Status /dev/rfkill Watch.
[[0;32m  OK  [0m] Started LSB: AppArmor initialization.
[[0;32m  OK  [0m] Started Set console font and keymap.
[[0;32m  OK  [0m] Created slice system-getty.slice.
[   13.452585] cloud-init[477]: Cloud-init v. 18.3-9-g2e62cb8a-0ubuntu1~16.04.2 running 'init-local' at Mon, 15 Oct 2018 16:40:58 +0000. Up 12.95 seconds.
[[0;32m  OK  [0m] Started Initial cloud-init job (pre-networking).
[[0;32m  OK  [0m] Reached target Network (Pre).
         Starting Raise network interfaces...
[[0;32m  OK  [0m] Started Raise network interfaces.
[[0;32m  OK  [0m] Reached target Network.
         Starting Initial cloud-init job (metadata service crawler)...
[   15.143676] cloud-init[922]: Cloud-init v. 18.3-9-g2e62cb8a-0ubuntu1~16.04.2 running 'init' at Mon, 15 Oct 2018 16:40:59 +0000. Up 14.22 seconds.
[   15.192382] cloud-init[922]: ci-info: +++++++++++++++++++++++++++++++++++++Net device info+++++++++++++++++++++++++++++++++++++
[   15.192687] cloud-init[922]: ci-info: +--------+------+--------------------------+---------------+--------+-------------------+[
[0;32m  OK  [0m] Started Initial cloud-init job (metadata service crawler).
[   15.193327] cloud-init[922]: ci-info: | Device |  Up  |         Address          |      Mask     | Scope  |     Hw-Address    |
[   15.357372] cloud-init[922]: ci-info: +--------+------+--------------------------+---------------+--------+-------------------+
[   15.358105] cloud-init[922]: ci-info: | enp0s3 | True |        10.0.2.15         | 255.255.255.0 | global | 02:28:89:27:00:51 |
[   15.359735] cloud-init[922]: ci-info: | enp0s3 | True | fe80::28:89ff:fe27:51/64 |       .       |  link  | 02:28:89:27:00:51 |
[[0;32m  OK  [0m] Reached target Network is Online.
[   15.363535] cloud-init[922]: ci-info: |   lo   | True |        127.0.0.1         |   255.0.0.0   |  host  |         .         |
[   15.533110] cloud-init[922]: ci-info: |   lo   | True |         ::1/128          |       .       |  host  |         .         |
[   15.569556] cloud-init[922]: ci-info: +--------+------+--------------------------+---------------+--------+-------------------+
[   15.570149] cloud-init[922]: ci-info: +++++++++++++++++++++++++++Route IPv4 info++++++++++++++++++++++++++++
         Starting iSCSI initiator daemon (iscsid)...
[   15.570463] cloud-init[922]: ci-info: +-------+-------------+----------+---------------+-----------+-------+
[   15.613636] cloud-init[922]: ci-info: | Route | Destination | Gateway  |    Genmask    | Interface | Flags |
[[0;32m  OK  [0m] Reached target Cloud-config availability.
[[   15.613959] cloud-init[922]: ci-info: +-------+-------------+----------+---------------+-----------+-------+
[   15.728504] cloud-init[922]: ci-info: |   0   |   0.0.0.0   | 10.0.2.2 |    0.0.0.0    |   enp0s3  |   UG  |
[   15.728834] cloud-init[922]: ci-info: |   1   |   10.0.2.0  | 0.0.0.0  | 255.255.255.0 |   enp0s3  |   U   |
[0;32m  OK  [0m] Reached target System Initialization.
[   15.730286] cloud-init[922]: ci-info: +-------+-------------+----------+---------------+-----------+-------+
[   15.981849] cloud-init[922]: ci-info: +++++++++++++++++++Route IPv6 info+++++++++++++++++++
[[0;32m  OK  [0m] Listening on D-Bus System Message Bus Socket.
[   15.982649] cloud-init[922]: ci-info: +-------+-------------+---------+-----------+-------+
[   16.104796] cloud-init[922]: ci-info: | Route | Destination | Gateway | Interface | Flags |
[   16.105337] [cloud-init[0;32m  OK  [0m[922]: ] ci-info: +-------+-------------+---------+-----------+-------+Listening on ACPID Listen Socket.

[[   16.107098] cloud-init[922]: ci-info: |   0   |  fe80::/64  |    ::   |   enp0s3  |   U   |
[   16.242545] cloud-init[922]: ci-info: |   3   |   ff00::/8  |    ::   |   enp0s3  |   U   |
[0;32m  OK  [0m] Listening on UUID daemon activation socket.
[   16.242839] cloud-init[922]: ci-info: +-------+-------------+---------+-----------+-------+
[   16.441373] cloud-init[922]: Generating public/private rsa key pair.
[   16.441628] cloud-init[922]: Your identification has been saved in /etc/ssh/ssh_host_rsa_key.
[   16.442744] cloud-init[922]: Your public key has been saved in /etc/ssh/ssh_host_rsa_key.pub.
         Starting Socket activation for snappy daemon.
[   16.443908] cloud-init[922]: The key fingerprint is:
[   16.674511] cloud-init[922]: SHA256:FwxCqdDM+w8euUAFJJH3hXvTD5dLi7GqjpK6hbPcIMY root@ubuntu-xenial
[   16.696566] cloud-init[922]: The key's randomart image is:
[   16.697126] cloud-init[922]: +---[RSA 2048]----+
[[0;32m  OK  [0m] Started ACPI Events Check.
[[   16.697442] cloud-init[922]: |  oBoooo.        |
[   16.769554] cloud-init[922]: |  o.= +..o       |
[0;32m  OK  [0m] Reached target Paths.
[[   16.769688] cloud-init[922]: |   o = o .o  .   |
[   16.902657] cloud-init[922]: |    + o o +.+    |
[   16.903000] cloud-init[922]: |   . . oS..O o   |
[   16.904714] cloud-init[922]: |..  . =  .o +    |
[   16.905513] cloud-init[922]: |+E.. o = .       |
[0;32m  OK  [0m] Started Daily apt download activities.
[   16.906793] cloud-init[922]: |++=  .o o        |
[   16.992983] cloud-init[922]: |++ o..o.         |
[   16.993627] cloud-init         [922]: Starting LXD - unix socket.+----[SHA256]-----+

[   17.016662] cloud-init[922]: Generating public/private dsa key pair.
[   17.017214] cloud-init[922]: Your identification has been saved in /etc/ssh/ssh_host_dsa_key.
[   17.018866] cloud-init[922]: Your public key has been saved in /etc/ssh/ssh_host_dsa_key.pub.
[   17.019392] cloud-init[922]: The key fingerprint is:
[   17.019899] cloud-init[922]: SHA256:vsUVlHM5qc7J9x4XbPCrUs/ZZLN1lyreLsI8Ivn1OzA root@ubuntu-xenial
[   17.020487] cloud-init[922]: The key's randomart image is:
[   17.020770] cloud-init[922]: +---[DSA 1024]----+
[[0;32m  OK  [0m] Started Daily Cleanup of Temporary Directories.
[[   17.021918] cloud-init[922]: |            .. o |
[   17.290123] cloud-init[922]: |           .o =  |
[   17.290531] cloud-init[922]: |            .= . |
[   17.292105] cloud-init[922]: |            ..+  |
[   17.292470] cloud-init[922]: |        S  +.. =.|
[   17.294794] cloud-init[922]: |       . E .=.ooO|
[0;32m  OK  [0m] Started Daily apt upgrade and clean activities.
[[   17.295075] cloud-init[922]: |      . +.= ..+*X|
[   17.423564] cloud-init[922]: |     o ..B.=...==|
[   17.423944] cloud-init[922]: |      o.o ++B+ ..|
[0;32m  OK  [0m] Reached target Timers.
[   17.425300] cloud-init[922]: +----[SHA256]-----+
[   17.529287] cloud-init[922]: Generating public/private ecdsa key pair.
[[0;32m  OK  [0m] Listening on Socket activation for snappy daemon.
[[0;32m  OK  [0m] Listening on LXD - unix socket.
[   17.585435] [[0;32m  OK  [0m] Started iSCSI initiator daemon (iscsid).
cloud-init[922]: Your identification has been saved in /etc/ssh/ssh_host_ecdsa_key.
[   17.787489]          Starting Login to default iSCSI targets...
[[0;32m  OK  [0m] Reached target Sockets.
[[0;32m  OK  [0m] Reached target Basic System.
cloud-init[922]: Your public key has been saved in /etc/ssh/ssh_host_ecdsa_key.pub.
[   17.794020] cloud-init[922]: The key fingerprint is:
[   17.795430] cloud-init[922]: SHA256:PkcklxTt1dtqSPRjO/V0kEg/m+BmYwjuQKtGJIXCE/o root@ubuntu-xenial
[   17.829408] cloud-init[922]: The key's randomart image is:
[[0;32m  OK  [0m] Started Regular background program processing daemon.
[   17.851172] cloud-init[922]: +---[ECDSA 256]---+
[   17.868912] cloud-init[922]: |.....     o+.. o |
[   17.888648] cloud-init[922]: |oo..     . .+.+ .|
[   17.889073] cloud-init[922]: |..o . . o +o.oo.o|
         Starting Pollinate to seed the pseudo random number generator...
[   17.889793] cloud-init[922]: | . o . o = oo.+==|
[[   17.912539] cloud-init[922]: |  E . o S o.*oo*o|
[   17.913778] cloud-init[922]: |   . . + . +..= .|
[0;32m  OK  [0m] Started D-Bus System Message Bus.
[   17.914151] cloud-init[922]: |    o   + .  . . |
[   17.969661] cloud-init[922]: |   .     o       |
[   17.969968] cloud-init[922]: |                 |
[   17.971140] cloud-init[922]: +----[SHA256]-----+
[   17.971607] cloud-init[922]: Generating public/private ed25519 key pair.
[   17.972624] cloud-init[922]: Your identification has been saved in /etc/ssh/ssh_host_ed25519_key.
[   17.973311] cloud-init[922]: Your public key has been saved in /etc/ssh/ssh_host_ed25519_key.pub.
[   17.973478] cloud-init[922]: The key fingerprint is:
[[0;32m  OK  [0m] Started Unattended Upgrades Shutdown.
[   17.974376] cloud-init[922]: SHA256:ZIPBQdHLlAsHceVC0q2OICjG18hq9URi2dIsVAlyxO8 root@ubuntu-xenial
[   18.030216] cloud-init[922]: The key's randomart image is:
[   18.030763] cloud-init[922]: +--[ED25519 256]--+
         Starting LSB: MD monitoring daemon...
[   18.031106] cloud-init[922]: | .+=B+XBo+.      |
[   18.136703] cloud-init[922]: |  oB *o**..      |
[   18.137241] cloud-init[922]: |..o O .==+.      |
[   18.138027] cloud-init[922]: |oo.=.+ o=o       |
[   18.138592] cloud-init[922]: |o +.+. oS        |
[   18.139071] cloud-init[922]: | o   E. .        |
[   18.139766] cloud-init[922]: |.                |
         Starting Login Service...
[   18.140685] cloud-init[922]: |                 |
         Starting LSB: Record successful boot for GRUB...
         Starting LXD - container startup/shutdown...
[   18.217610] cloud-init[922]: |                 |
[   18.252937] cloud-init[922]: +----[SHA256]-----+
         Starting System Logging Service...
         Starting Accounts Service...
[[0;32m  OK  [0m] Started FUSE filesystem for LXC.
         Starting /etc/rc.local Compatibility...
         Starting Virtualbox guest utils...
[[0;32m  OK  [0m] Started Deferred execution scheduler.
[[0;32m  OK  [0m] Started ACPI event daemon.
         Starting Snappy daemon...
[[0;32m  OK  [0m] Started System Logging Service.
[[0;32m  OK  [0m] Started /etc/rc.local Compatibility.
[[0;32m  OK  [0m] Started Pollinate to seed the pseudo random number generator.
[[0;32m  OK  [0m] Started LXD - container startup/shutdown.
[[0;32m  OK  [0m] Started Login to default iSCSI targets.
[[0;32m  OK  [0m] Started LSB: Record successful boot for GRUB.
[[0;32m  OK  [0m] Started LSB: MD monitoring daemon.
[[0;32m  OK  [0m] Started Virtualbox guest utils.
[[0;32m  OK  [0m] Started Login Service.
         Starting Authenticate and Authorize Users to Run Privileged Tasks...
[[0;32m  OK  [0m] Reached target Remote File Systems (Pre).
[[0;32m  OK  [0m] Reached target Remote File Systems.
         Starting LSB: daemon to balance interrupts for SMP systems...
         Starting LSB: automatic crash report generation...
         Starting Permit User Sessions...
         Starting LSB: Set the CPU Frequency Scaling governor to "ondemand"...
         Starting OpenBSD Secure Shell server...
[[0;32m  OK  [0m] Started Permit User Sessions.
[[0;32m  OK  [0m] Started Snappy daemon.
[[0;32m  OK  [0m] Started Authenticate and Authorize Users to Run Privileged Tasks.
[[0;32m  OK  [0m] Started OpenBSD Secure Shell server.
[[0;32m  OK  [0m] Started Accounts Service.
         Starting Wait until snapd is fully seeded...
         Starting Hold until boot process finishes up...
         Starting Terminate Plymouth Boot Screen...
[[0;32m  OK  [0m] Started LSB: daemon to balance interrupts for SMP systems.
[[0;32m  OK  [0m] Started LSB: Set the CPU Frequency Scaling governor to "ondemand".
[[0;32m  OK  [0m] Started Hold until boot process finishes up.
[[0;32m  OK  [0m] Started Terminate Plymouth Boot Screen.
[[0;32m  OK  [0m] Started Serial Getty on ttyS0.
[[0;32m  OK  [0m] Started Getty on tty1.
[[0;32m  OK  [0m] Reached target Login Prompts.
         Starting Set console scheme...
[[0;32m  OK  [0m] Started LSB: automatic crash report generation.
[[0;32m  OK  [0m] Started Set console scheme.
[[0;32m  OK  [0m] Started Wait until snapd is fully seeded.
         Starting Apply the settings specified in cloud-config...
[[0;32m  OK  [0m] Reached target Multi-User System.
[[0;32m  OK  [0m] Reached target Graphical Interface.
         Starting Update UTMP about System Runlevel Changes...
[[0;32m  OK  [0m] Started Update UTMP about System Runlevel Changes.
[   20.057874] cloud-init[1243]: Generating locales (this might take a while)...
[[0;32m  OK  [0m] Created slice User Slice of vagrant.
         Starting User Manager for UID 1000...
[[0;32m  OK  [0m] Started Session 1 of user vagrant.
[[0;32m  OK  [0m] Started User Manager for UID 1000.
[   21.322525] cloud-init[1243]:   en_US.UTF-8... done
[   21.342041] cloud-init[1243]: Generation complete.
[   22.155003] cloud-init[1243]: Cloud-init v. 18.3-9-g2e62cb8a-0ubuntu1~16.04.2 running 'modules:config' at Mon, 15 Oct 2018 16:41:04 +0000. Up 19.77 seconds.
[[0;32m  OK  [0m] Started Apply the settings specified in cloud-config.
         Starting Execute cloud user/final scripts...
         Stopping User Manager for UID 1000...
[[0;32m  OK  [0m] Stopped User Manager for UID 1000.
[[0;32m  OK  [0m] Removed slice User Slice of vagrant.
[[0;32m  OK  [0m] Created slice User Slice of vagrant.
         Starting User Manager for UID 1000...
[[0;32m  OK  [0m] Started User Manager for UID 1000.
[[0;32m  OK  [0m] Started Session 2 of user vagrant.
ci-info: no authorized ssh keys fingerprints found for user ubuntu.
<14>Oct 15 16:41:08 ec2: 
<14>Oct 15 16:41:08 ec2: #############################################################
<14>Oct 15 16:41:08 ec2: -----BEGIN SSH HOST KEY FINGERPRINTS-----
<14>Oct 15 16:41:08 ec2: 1024 SHA256:vsUVlHM5qc7J9x4XbPCrUs/ZZLN1lyreLsI8Ivn1OzA root@ubuntu-xenial (DSA)
<14>Oct 15 16:41:08 ec2: 256 SHA256:PkcklxTt1dtqSPRjO/V0kEg/m+BmYwjuQKtGJIXCE/o root@ubuntu-xenial (ECDSA)
<14>Oct 15 16:41:08 ec2: 256 SHA256:ZIPBQdHLlAsHceVC0q2OICjG18hq9URi2dIsVAlyxO8 root@ubuntu-xenial (ED25519)
<14>Oct 15 16:41:08 ec2: 2048 SHA256:FwxCqdDM+w8euUAFJJH3hXvTD5dLi7GqjpK6hbPcIMY root@ubuntu-xenial (RSA)
<14>Oct 15 16:41:08 ec2: -----END SSH HOST KEY FINGERPRINTS-----
<14>Oct 15 16:41:08 ec2: #############################################################
-----BEGIN SSH HOST KEY KEYS-----
ecdsa-sha2-nistp256 AAAAE2VjZHNhLXNoYTItbmlzdHAyNTYAAAAIbmlzdHAyNTYAAABBBFkqxF4bSLsMriyrquk8qNvBn94fMNkHABAOGZsIqmfxFdgF+fgwdIucOoVF2uhXqRccLNJOOBsK6NQipY6ne40= root@ubuntu-xenial
ssh-ed25519 AAAAC3NzaC1lZDI1NTE5AAAAILztXgKCQfCCWjWZpQfliOGv8PScwsgKq8Ow+kjnHLjl root@ubuntu-xenial
ssh-rsa AAAAB3NzaC1yc2EAAAADAQABAAABAQDC76TRSl8n/9qQUVGv4iX9h6wugqc4bVbogwK5Z2jw/kgPPPMQIRNmYwwJlksAss6gD+rHo5v2Xc7+P6VhcaElcFviOP1mAUzwuaXbuTD8jVmuSoMQ0f9w4muo2qUZ9FJlCpkiFhoaIyqtU5AhAm+NMuh6v+d3XqT8vUHwwZnXNkOFoaKk58tGz2rJe+WZr52WlOqM4NDQTFDmN3okSzaztPbTZIy+v3je+suTNcGFJm/XK14tAWGhQH7jO6lE5Rx0FHq0MsEOvZJgqhkbicSY+RNhcAq8dco0mXFOheU4Mg2aYPUxa1ixEzZLMN4e+TgQ7Si63EzuTBKCOec6EppH root@ubuntu-xenial
-----END SSH HOST KEY KEYS-----
[   23.626229] cloud-init[1453]: Cloud-init v. 18.3-9-g2e62cb8a-0ubuntu1~16.04.2 running 'modules:final' at Mon, 15 Oct 2018 16:41:07 +0000. Up 22.77 seconds.
[   23.712043] [cloud-init[0;32m  OK  [0m[1453]: ] ci-info: no authorized ssh keys fingerprints found for user ubuntu.Started Execute cloud user/final scripts.

[   23.712956] cloud-init[1453]: Cloud-init v. 18.3-9-g2e62cb8a-0ubuntu1~16.04.2 finished at Mon, 15 Oct 2018 16:41:08 +0000. Datasource DataSourceNoCloud [seed=/dev/sdb][dsmode=net].  Up 23.61 seconds
[[0;32m  OK  [0m] Reached target Cloud-init target.

Ubuntu 16.04.5 LTS ubuntu-xenial ttyS0

ubuntu-xenial login: 